<?xml version="1.0" encoding="UTF-8"?>
<testng-results ignored="0" total="1" passed="1" failed="0" skipped="0">
  <reporter-output>
  </reporter-output>
  <suite started-at="2022-12-11T09:37:30 IST" name="Suite" finished-at="2022-12-11T09:37:42 IST" duration-ms="12230">
    <groups>
    </groups>
    <test started-at="2022-12-11T09:37:30 IST" name="Test" finished-at="2022-12-11T09:37:42 IST" duration-ms="12230">
      <class name="Module3.assig2">
        <test-method is-config="true" signature="initializitation()[pri:0, instance:Module3.assig2@7bab3f1a]" started-at="2022-12-11T09:37:30 IST" name="initializitation" finished-at="2022-12-11T09:37:36 IST" duration-ms="6291" status="PASS">
          <reporter-output>
          </reporter-output>
        </test-method> <!-- initializitation -->
        <test-method signature="Login(java.lang.String,java.lang.String)[pri:0, instance:Module3.assig2@7bab3f1a]" started-at="2022-12-11T09:37:36 IST" name="Login" data-provider="getLoginData" finished-at="2022-12-11T09:37:42 IST" duration-ms="5738" status="PASS">
          <params>
            <param index="0">
              <value>
                <![CDATA[admin]]>
              </value>
            </param>
            <param index="1">
              <value>
                <![CDATA[admin123]]>
              </value>
            </param>
          </params>
          <reporter-output>
          </reporter-output>
        </test-method> <!-- Login -->
        <test-method is-config="true" signature="close()[pri:0, instance:Module3.assig2@7bab3f1a]" started-at="2022-12-11T09:37:42 IST" name="close" finished-at="2022-12-11T09:37:42 IST" duration-ms="171" status="PASS">
          <reporter-output>
          </reporter-output>
        </test-method> <!-- close -->
      </class> <!-- Module3.assig2 -->
    </test> <!-- Test -->
  </suite> <!-- Suite -->
</testng-results>
